<?xml version="1.0" encoding="UTF-8"?>
<!-- Generated by org.testng.reporters.JUnitReportReporter -->
<testsuite skipped="0" hostname="DESKTOP-FIMALUG" name="org.maveric.fb.Facebook" tests="3" failures="0" timestamp="22 Nov 2019 19:37:01 GMT" time="3.048" errors="0">
  <testcase name="tc1" time="0.924" classname="org.maveric.fb.Facebook"/>
  <testcase name="tc2" time="1.486" classname="org.maveric.fb.Facebook"/>
  <testcase name="tc3" time="0.638" classname="org.maveric.fb.Facebook"/>
</testsuite> <!-- org.maveric.fb.Facebook -->
